Internal PRMS Caller       call_modules.f90, version: 5628 2013-04-24 21:35:47Z
Basin Definition           basin.f90, version: 5632 2013-04-25 18:28:20Z
Cascading Flow             cascade.f90, version: 5598 2013-04-23 18:35:03Z
States and Fluxes          climateflow.f90, version: 5642 2013-04-25 22:34:21Z
Potential Solar Radiation  soltab.f90, version: 5600 2013-04-23 18:36:27Z
Time Series Data           obs.f90, version: 5608 2013-04-23 18:46:44Z
Precipitation Distribution precip_1sta.f90, version: 5604 2013-04-23 18:44:41Z
Solar Radiation            ddsolrad.f90, version: 5592 2013-04-23 18:26:23Z
Transpiration Period       transp_tindex.f90, version: 5594 2013-04-23 18:29:59Z
Potential ET               potet_jh.f90, version: 5660 2013-04-30 20:14:42Z
Canopy Interception        intcp.f90, version: 5613 2013-04-23 18:55:35Z
Snow Computations          snowcomp.f90, version: 5600 2013-04-23 18:36:27Z
Surface Runoff             srunoff_smidx.f90, version: 5609 2013-04-23 18:48:02Z
Soil Zone Computations     soilzone.f90, version: 5532 2013-03-25 21:49:54Z
Groundwater Flow           gwflow.f90, version: 5633 2013-04-25 18:34:59Z
Streamflow Routing         strmflow.f90, version: 5528 2013-03-22 21:54:44Z
Summary                    basin_sum.f90, version: 5636 2013-04-25 19:22:28Z
Summary                    subbasin.f90, version: 5595 2013-04-23 18:31:27Z


 Surface Water and Energy Budgets Simulated by PRMS Version 3.0.5632 2013-04-25
 Start time: 1992/10/01 00:00:00
 End time:   1996/12/31 00:00:00
 Sum of HRU areas:    26665.10 Active basin area:    18273.41
 Impervious basin area:        0.03 Pervious basin area:        0.97


1  Year Month Day   Precip     ET    Storage S-Runoff M-Runoff
                  (inches) (inches) (inches) (inches) (inches)
 -------------------------------------------------------------
   1993             19.564   14.654    2.956    5.986    5.230
   1994             23.815   16.355    4.870    5.545    2.437
   1995             31.399   18.717    4.615   12.937   12.663
   1996             23.054   17.191    3.395    7.083    2.231
